<?xml version="1.0" encoding="UTF-8"?>
<!-- Generated by org.testng.reporters.JUnitReportReporter -->
<testsuite hostname="DESKTOP-0BR2GDR" failures="0" tests="1" name="one.AA" time="0.010" errors="0" timestamp="24 Jun 2019 23:30:58 GMT">
  <testcase classname="one.AA" name="say" time="0.010"/>
</testsuite> <!-- one.AA -->
