<?xml version="1.0" encoding="UTF-8"?>
<!-- Generated by org.testng.reporters.JUnitReportReporter -->
<testsuite hostname="DESKTOP-0BR2GDR" failures="0" tests="1" name="one.BB" time="0.000" errors="0" timestamp="24 Jun 2019 23:32:59 GMT">
  <testcase classname="one.BB" name="info" time="0.000"/>
</testsuite> <!-- one.BB -->
